# JRE version: OpenJDK Runtime Environment (21.0.9) (build 21.0.9+-14649483-b1163.86)
# Java VM: OpenJDK 64-Bit Server VM (21.0.9+-14649483-b1163.86, mixed mode, tiered, compressed oops, compressed class ptrs, g1 gc, windows-amd64)
GC Precious Log:
 CardTable entry size: 512
 Card Set container configuration: InlinePtr #cards 4 size 8 Array Of Cards #cards 32 size 80 Howl #buckets 8 coarsen threshold 7372 Howl Bitmap #cards 1024 size 144 coarsen threshold 921 Card regions per heap region 1 cards per card region 8192
 CPUs: 16 total, 16 available
 Memory: 7859M
 Large Page Support: Disabled
 NUMA Support: Disabled
 Compressed Oops: Enabled (Zero based)
 Heap Region Size: 4M
 Heap Min Capacity: 8M
 Heap Initial Capacity: 124M
 Heap Max Capacity: 8G
 Pre-touch: Disabled
 Parallel Workers: 13
 Concurrent Workers: 3
 Concurrent Refinement Workers: 13
 Periodic GC: Disabled
Heap:
 garbage-first heap   total 458752K, used 380273K [0x0000000600000000, 0x0000000800000000)
  region size 4096K, 42 young (172032K), 4 survivors (16384K)
 Metaspace       used 170598K, committed 173056K, reserved 1245184K
  class space    used 23701K, committed 24896K, reserved 1048576K
GC Heap History (20 events):
Event: 34.003 GC heap before
{Heap before GC invocations=39 (full 0):
 garbage-first heap   total 212992K, used 179483K [0x0000000600000000, 0x0000000800000000)
  region size 4096K, 18 young (73728K), 3 survivors (12288K)
 Metaspace       used 133798K, committed 136000K, reserved 1179648K
  class space    used 18675K, committed 19776K, reserved 1048576K
}
Event: 34.010 GC heap after
{Heap after GC invocations=40 (full 0):
 garbage-first heap   total 212992K, used 125449K [0x0000000600000000, 0x0000000800000000)
  region size 4096K, 2 young (8192K), 2 survivors (8192K)
 Metaspace       used 133798K, committed 136000K, reserved 1179648K
  class space    used 18675K, committed 19776K, reserved 1048576K
}
Event: 34.637 GC heap before
{Heap before GC invocations=40 (full 0):
 garbage-first heap   total 212992K, used 190985K [0x0000000600000000, 0x0000000800000000)
  region size 4096K, 19 young (77824K), 2 survivors (8192K)
 Metaspace       used 137457K, committed 139648K, reserved 1179648K
  class space    used 19055K, committed 20160K, reserved 1048576K
}
Event: 34.646 GC heap after
{Heap after GC invocations=41 (full 0):
 garbage-first heap   total 212992K, used 126878K [0x0000000600000000, 0x0000000800000000)
  region size 4096K, 2 young (8192K), 2 survivors (8192K)
 Metaspace       used 137457K, committed 139648K, reserved 1179648K
  class space    used 19055K, committed 20160K, reserved 1048576K
}
Event: 37.552 GC heap before
{Heap before GC invocations=41 (full 0):
 garbage-first heap   total 212992K, used 188318K [0x0000000600000000, 0x0000000800000000)
  region size 4096K, 18 young (73728K), 2 survivors (8192K)
 Metaspace       used 140763K, committed 143040K, reserved 1179648K
  class space    used 19521K, committed 20672K, reserved 1048576K
}
Event: 37.558 GC heap after
{Heap after GC invocations=42 (full 0):
 garbage-first heap   total 212992K, used 129098K [0x0000000600000000, 0x0000000800000000)
  region size 4096K, 2 young (8192K), 2 survivors (8192K)
 Metaspace       used 140763K, committed 143040K, reserved 1179648K
  class space    used 19521K, committed 20672K, reserved 1048576K
}
Event: 38.073 GC heap before
{Heap before GC invocations=43 (full 0):
 garbage-first heap   total 221184K, used 194634K [0x0000000600000000, 0x0000000800000000)
  region size 4096K, 18 young (73728K), 2 survivors (8192K)
 Metaspace       used 144679K, committed 147008K, reserved 1179648K
  class space    used 20090K, committed 21248K, reserved 1048576K
}
Event: 38.081 GC heap after
{Heap after GC invocations=44 (full 0):
 garbage-first heap   total 221184K, used 145904K [0x0000000600000000, 0x0000000800000000)
  region size 4096K, 3 young (12288K), 3 survivors (12288K)
 Metaspace       used 144679K, committed 147008K, reserved 1179648K
  class space    used 20090K, committed 21248K, reserved 1048576K
}
Event: 38.454 GC heap before
{Heap before GC invocations=44 (full 0):
 garbage-first heap   total 221184K, used 203248K [0x0000000600000000, 0x0000000800000000)
  region size 4096K, 16 young (65536K), 3 survivors (12288K)
 Metaspace       used 147216K, committed 149504K, reserved 1179648K
  class space    used 20672K, committed 21760K, reserved 1048576K
}
Event: 38.470 GC heap after
{Heap after GC invocations=45 (full 0):
 garbage-first heap   total 290816K, used 165588K [0x0000000600000000, 0x0000000800000000)
  region size 4096K, 2 young (8192K), 2 survivors (8192K)
 Metaspace       used 147216K, committed 149504K, reserved 1179648K
  class space    used 20672K, committed 21760K, reserved 1048576K
}
Event: 39.006 GC heap before
{Heap before GC invocations=45 (full 0):
 garbage-first heap   total 290816K, used 255700K [0x0000000600000000, 0x0000000800000000)
  region size 4096K, 24 young (98304K), 2 survivors (8192K)
 Metaspace       used 150566K, committed 152896K, reserved 1179648K
  class space    used 21124K, committed 22272K, reserved 1048576K
}
Event: 39.024 GC heap after
{Heap after GC invocations=46 (full 0):
 garbage-first heap   total 299008K, used 192821K [0x0000000600000000, 0x0000000800000000)
  region size 4096K, 3 young (12288K), 3 survivors (12288K)
 Metaspace       used 150566K, committed 152896K, reserved 1179648K
  class space    used 21124K, committed 22272K, reserved 1048576K
}
Event: 39.527 GC heap before
{Heap before GC invocations=46 (full 0):
 garbage-first heap   total 299008K, used 254261K [0x0000000600000000, 0x0000000800000000)
  region size 4096K, 18 young (73728K), 3 survivors (12288K)
 Metaspace       used 153671K, committed 155904K, reserved 1245184K
  class space    used 21566K, committed 22656K, reserved 1048576K
}
Event: 39.537 GC heap after
{Heap after GC invocations=47 (full 0):
 garbage-first heap   total 299008K, used 201057K [0x0000000600000000, 0x0000000800000000)
  region size 4096K, 2 young (8192K), 2 survivors (8192K)
 Metaspace       used 153671K, committed 155904K, reserved 1245184K
  class space    used 21566K, committed 22656K, reserved 1048576K
}
Event: 39.852 GC heap before
{Heap before GC invocations=47 (full 0):
 garbage-first heap   total 299008K, used 258401K [0x0000000600000000, 0x0000000800000000)
  region size 4096K, 16 young (65536K), 2 survivors (8192K)
 Metaspace       used 154602K, committed 156928K, reserved 1245184K
  class space    used 21683K, committed 22848K, reserved 1048576K
}
Event: 39.860 GC heap after
{Heap after GC invocations=48 (full 0):
 garbage-first heap   total 299008K, used 205818K [0x0000000600000000, 0x0000000800000000)
  region size 4096K, 2 young (8192K), 2 survivors (8192K)
 Metaspace       used 154602K, committed 156928K, reserved 1245184K
  class space    used 21683K, committed 22848K, reserved 1048576K
}
Event: 40.372 GC heap before
{Heap before GC invocations=49 (full 0):
 garbage-first heap   total 364544K, used 263162K [0x0000000600000000, 0x0000000800000000)
  region size 4096K, 16 young (65536K), 2 survivors (8192K)
 Metaspace       used 157612K, committed 159936K, reserved 1245184K
  class space    used 21912K, committed 23040K, reserved 1048576K
}
Event: 40.379 GC heap after
{Heap after GC invocations=50 (full 0):
 garbage-first heap   total 364544K, used 217600K [0x0000000600000000, 0x0000000800000000)
  region size 4096K, 2 young (8192K), 2 survivors (8192K)
 Metaspace       used 157612K, committed 159936K, reserved 1245184K
  class space    used 21912K, committed 23040K, reserved 1048576K
}
Event: 40.945 GC heap before
{Heap before GC invocations=50 (full 0):
 garbage-first heap   total 364544K, used 328192K [0x0000000600000000, 0x0000000800000000)
  region size 4096K, 25 young (102400K), 2 survivors (8192K)
 Metaspace       used 159120K, committed 161472K, reserved 1245184K
  class space    used 22110K, committed 23296K, reserved 1048576K
}
Event: 40.956 GC heap after
{Heap after GC invocations=51 (full 0):
 garbage-first heap   total 458752K, used 232817K [0x0000000600000000, 0x0000000800000000)
  region size 4096K, 4 young (16384K), 4 survivors (16384K)
 Metaspace       used 159120K, committed 161472K, reserved 1245184K
  class space    used 22110K, committed 23296K, reserved 1048576K
}

