# JRE version: OpenJDK Runtime Environment (21.0.9) (build 21.0.9+-14649483-b1163.86)
# Java VM: OpenJDK 64-Bit Server VM (21.0.9+-14649483-b1163.86, mixed mode, tiered, compressed oops, compressed class ptrs, g1 gc, windows-amd64)
GC Precious Log:
 CardTable entry size: 512
 Card Set container configuration: InlinePtr #cards 4 size 8 Array Of Cards #cards 32 size 80 Howl #buckets 8 coarsen threshold 7372 Howl Bitmap #cards 1024 size 144 coarsen threshold 921 Card regions per heap region 1 cards per card region 8192
 CPUs: 16 total, 16 available
 Memory: 7859M
 Large Page Support: Disabled
 NUMA Support: Disabled
 Compressed Oops: Enabled (Zero based)
 Heap Region Size: 4M
 Heap Min Capacity: 8M
 Heap Initial Capacity: 124M
 Heap Max Capacity: 8G
 Pre-touch: Disabled
 Parallel Workers: 13
 Concurrent Workers: 3
 Concurrent Refinement Workers: 13
 Periodic GC: Disabled
Heap:
 garbage-first heap   total 692224K, used 227363K [0x0000000600000000, 0x0000000800000000)
  region size 4096K, 1 young (4096K), 1 survivors (4096K)
 Metaspace       used 153299K, committed 156416K, reserved 1245184K
  class space    used 20609K, committed 22144K, reserved 1048576K
GC Heap History (20 events):
Event: 6277.039 GC heap after
{Heap after GC invocations=74 (full 0):
 garbage-first heap   total 692224K, used 270034K [0x0000000600000000, 0x0000000800000000)
  region size 4096K, 5 young (20480K), 5 survivors (20480K)
 Metaspace       used 142576K, committed 144832K, reserved 1179648K
  class space    used 19696K, committed 20800K, reserved 1048576K
}
Event: 6277.052 GC heap before
{Heap before GC invocations=74 (full 0):
 garbage-first heap   total 692224K, used 282322K [0x0000000600000000, 0x0000000800000000)
  region size 4096K, 9 young (36864K), 5 survivors (20480K)
 Metaspace       used 142580K, committed 144832K, reserved 1179648K
  class space    used 19696K, committed 20800K, reserved 1048576K
}
Event: 6277.101 GC heap after
{Heap after GC invocations=75 (full 0):
 garbage-first heap   total 692224K, used 284943K [0x0000000600000000, 0x0000000800000000)
  region size 4096K, 2 young (8192K), 2 survivors (8192K)
 Metaspace       used 142580K, committed 144832K, reserved 1179648K
  class space    used 19696K, committed 20800K, reserved 1048576K
}
Event: 6277.156 GC heap before
{Heap before GC invocations=75 (full 0):
 garbage-first heap   total 692224K, used 309519K [0x0000000600000000, 0x0000000800000000)
  region size 4096K, 9 young (36864K), 2 survivors (8192K)
 Metaspace       used 142584K, committed 144832K, reserved 1179648K
  class space    used 19696K, committed 20800K, reserved 1048576K
}
Event: 6277.204 GC heap after
{Heap after GC invocations=76 (full 0):
 garbage-first heap   total 692224K, used 310272K [0x0000000600000000, 0x0000000800000000)
  region size 4096K, 2 young (8192K), 2 survivors (8192K)
 Metaspace       used 142584K, committed 144832K, reserved 1179648K
  class space    used 19696K, committed 20800K, reserved 1048576K
}
Event: 6277.262 GC heap before
{Heap before GC invocations=76 (full 0):
 garbage-first heap   total 692224K, used 343040K [0x0000000600000000, 0x0000000800000000)
  region size 4096K, 11 young (45056K), 2 survivors (8192K)
 Metaspace       used 142584K, committed 144832K, reserved 1179648K
  class space    used 19696K, committed 20800K, reserved 1048576K
}
Event: 6277.281 GC heap after
{Heap after GC invocations=77 (full 0):
 garbage-first heap   total 692224K, used 338944K [0x0000000600000000, 0x0000000800000000)
  region size 4096K, 2 young (8192K), 2 survivors (8192K)
 Metaspace       used 142584K, committed 144832K, reserved 1179648K
  class space    used 19696K, committed 20800K, reserved 1048576K
}
Event: 6278.744 GC heap before
{Heap before GC invocations=78 (full 0):
 garbage-first heap   total 692224K, used 297984K [0x0000000600000000, 0x0000000800000000)
  region size 4096K, 12 young (49152K), 2 survivors (8192K)
 Metaspace       used 142597K, committed 144832K, reserved 1179648K
  class space    used 19696K, committed 20800K, reserved 1048576K
}
Event: 6278.746 GC heap after
{Heap after GC invocations=79 (full 0):
 garbage-first heap   total 692224K, used 253068K [0x0000000600000000, 0x0000000800000000)
  region size 4096K, 1 young (4096K), 1 survivors (4096K)
 Metaspace       used 142597K, committed 144832K, reserved 1179648K
  class space    used 19696K, committed 20800K, reserved 1048576K
}
Event: 7583.437 GC heap before
{Heap before GC invocations=79 (full 0):
 garbage-first heap   total 692224K, used 408716K [0x0000000600000000, 0x0000000800000000)
  region size 4096K, 39 young (159744K), 1 survivors (4096K)
 Metaspace       used 142699K, committed 144960K, reserved 1179648K
  class space    used 19698K, committed 20800K, reserved 1048576K
}
Event: 7583.513 GC heap after
{Heap after GC invocations=80 (full 0):
 garbage-first heap   total 692224K, used 257045K [0x0000000600000000, 0x0000000800000000)
  region size 4096K, 3 young (12288K), 3 survivors (12288K)
 Metaspace       used 142699K, committed 144960K, reserved 1179648K
  class space    used 19698K, committed 20800K, reserved 1048576K
}
Event: 8931.686 GC heap before
{Heap before GC invocations=80 (full 0):
 garbage-first heap   total 692224K, used 359445K [0x0000000600000000, 0x0000000800000000)
  region size 4096K, 29 young (118784K), 3 survivors (12288K)
 Metaspace       used 142806K, committed 145088K, reserved 1179648K
  class space    used 19700K, committed 20800K, reserved 1048576K
}
Event: 8931.804 GC heap after
{Heap after GC invocations=81 (full 0):
 garbage-first heap   total 692224K, used 246204K [0x0000000600000000, 0x0000000800000000)
  region size 4096K, 1 young (4096K), 1 survivors (4096K)
 Metaspace       used 142806K, committed 145088K, reserved 1179648K
  class space    used 19700K, committed 20800K, reserved 1048576K
}
Event: 9063.792 GC heap before
{Heap before GC invocations=81 (full 0):
 garbage-first heap   total 692224K, used 274876K [0x0000000600000000, 0x0000000800000000)
  region size 4096K, 8 young (32768K), 1 survivors (4096K)
 Metaspace       used 142846K, committed 145088K, reserved 1179648K
  class space    used 19702K, committed 20800K, reserved 1048576K
}
Event: 9063.850 GC heap after
{Heap after GC invocations=82 (full 0):
 garbage-first heap   total 692224K, used 244476K [0x0000000600000000, 0x0000000800000000)
  region size 4096K, 1 young (4096K), 1 survivors (4096K)
 Metaspace       used 142846K, committed 145088K, reserved 1179648K
  class space    used 19702K, committed 20800K, reserved 1048576K
}
Event: 9099.808 GC heap before
{Heap before GC invocations=82 (full 0):
 garbage-first heap   total 692224K, used 539388K [0x0000000600000000, 0x0000000800000000)
  region size 4096K, 75 young (307200K), 1 survivors (4096K)
 Metaspace       used 152767K, committed 155136K, reserved 1245184K
  class space    used 20789K, committed 21952K, reserved 1048576K
}
Event: 9099.942 GC heap after
{Heap after GC invocations=83 (full 0):
 garbage-first heap   total 692224K, used 264117K [0x0000000600000000, 0x0000000800000000)
  region size 4096K, 6 young (24576K), 6 survivors (24576K)
 Metaspace       used 152767K, committed 155136K, reserved 1245184K
  class space    used 20789K, committed 21952K, reserved 1048576K
}
Event: 9101.749 GC heap before
{Heap before GC invocations=84 (full 0):
 garbage-first heap   total 692224K, used 243637K [0x0000000600000000, 0x0000000800000000)
  region size 4096K, 13 young (53248K), 6 survivors (24576K)
 Metaspace       used 152949K, committed 156416K, reserved 1245184K
  class space    used 20561K, committed 22144K, reserved 1048576K
}
Event: 9101.805 GC heap after
{Heap after GC invocations=85 (full 0):
 garbage-first heap   total 692224K, used 222490K [0x0000000600000000, 0x0000000800000000)
  region size 4096K, 1 young (4096K), 1 survivors (4096K)
 Metaspace       used 152949K, committed 156416K, reserved 1245184K
  class space    used 20561K, committed 22144K, reserved 1048576K
}
Event: 9102.243 GC heap before
{Heap before GC invocations=85 (full 0):
 garbage-first heap   total 692224K, used 255258K [0x0000000600000000, 0x0000000800000000)
  region size 4096K, 8 young (32768K), 1 survivors (4096K)
 Metaspace       used 153299K, committed 156416K, reserved 1245184K
  class space    used 20609K, committed 22144K, reserved 1048576K
}

