# JRE version: OpenJDK Runtime Environment (21.0.9) (build 21.0.9+-14649483-b1163.86)
# Java VM: OpenJDK 64-Bit Server VM (21.0.9+-14649483-b1163.86, mixed mode, tiered, compressed oops, compressed class ptrs, g1 gc, windows-amd64)
GC Precious Log:
 CardTable entry size: 512
 Card Set container configuration: InlinePtr #cards 4 size 8 Array Of Cards #cards 32 size 80 Howl #buckets 8 coarsen threshold 7372 Howl Bitmap #cards 1024 size 144 coarsen threshold 921 Card regions per heap region 1 cards per card region 8192
 CPUs: 16 total, 16 available
 Memory: 7859M
 Large Page Support: Disabled
 NUMA Support: Disabled
 Compressed Oops: Enabled (Zero based)
 Heap Region Size: 4M
 Heap Min Capacity: 8M
 Heap Initial Capacity: 124M
 Heap Max Capacity: 8G
 Pre-touch: Disabled
 Parallel Workers: 13
 Concurrent Workers: 3
 Concurrent Refinement Workers: 13
 Periodic GC: Disabled
Heap:
 garbage-first heap   total 561152K, used 333505K [0x0000000600000000, 0x0000000800000000)
  region size 4096K, 26 young (106496K), 3 survivors (12288K)
 Metaspace       used 181179K, committed 183744K, reserved 1245184K
  class space    used 25307K, committed 26560K, reserved 1048576K
GC Heap History (20 events):
Event: 332.466 GC heap before
{Heap before GC invocations=43 (full 0):
 garbage-first heap   total 344064K, used 296750K [0x0000000600000000, 0x0000000800000000)
  region size 4096K, 22 young (90112K), 4 survivors (16384K)
 Metaspace       used 133358K, committed 135616K, reserved 1179648K
  class space    used 18760K, committed 19840K, reserved 1048576K
}
Event: 332.543 GC heap after
{Heap after GC invocations=44 (full 0):
 garbage-first heap   total 344064K, used 155008K [0x0000000600000000, 0x0000000800000000)
  region size 4096K, 1 young (4096K), 1 survivors (4096K)
 Metaspace       used 133358K, committed 135616K, reserved 1179648K
  class space    used 18760K, committed 19840K, reserved 1048576K
}
Event: 336.729 GC heap before
{Heap before GC invocations=44 (full 0):
 garbage-first heap   total 344064K, used 298368K [0x0000000600000000, 0x0000000800000000)
  region size 4096K, 36 young (147456K), 1 survivors (4096K)
 Metaspace       used 133774K, committed 136064K, reserved 1179648K
  class space    used 18766K, committed 19904K, reserved 1048576K
}
Event: 336.755 GC heap after
{Heap after GC invocations=45 (full 0):
 garbage-first heap   total 344064K, used 164251K [0x0000000600000000, 0x0000000800000000)
  region size 4096K, 4 young (16384K), 4 survivors (16384K)
 Metaspace       used 133774K, committed 136064K, reserved 1179648K
  class space    used 18766K, committed 19904K, reserved 1048576K
}
Event: 613.326 GC heap before
{Heap before GC invocations=45 (full 0):
 garbage-first heap   total 344064K, used 291227K [0x0000000600000000, 0x0000000800000000)
  region size 4096K, 35 young (143360K), 4 survivors (16384K)
 Metaspace       used 135638K, committed 137920K, reserved 1179648K
  class space    used 18972K, committed 20096K, reserved 1048576K
}
Event: 613.463 GC heap after
{Heap after GC invocations=46 (full 0):
 garbage-first heap   total 344064K, used 162077K [0x0000000600000000, 0x0000000800000000)
  region size 4096K, 3 young (12288K), 3 survivors (12288K)
 Metaspace       used 135638K, committed 137920K, reserved 1179648K
  class space    used 18972K, committed 20096K, reserved 1048576K
}
Event: 660.186 GC heap before
{Heap before GC invocations=47 (full 0):
 garbage-first heap   total 344064K, used 293149K [0x0000000600000000, 0x0000000800000000)
  region size 4096K, 36 young (147456K), 3 survivors (12288K)
 Metaspace       used 138504K, committed 140864K, reserved 1179648K
  class space    used 19256K, committed 20416K, reserved 1048576K
}
Event: 660.367 GC heap after
{Heap after GC invocations=48 (full 0):
 garbage-first heap   total 438272K, used 171817K [0x0000000600000000, 0x0000000800000000)
  region size 4096K, 5 young (20480K), 5 survivors (20480K)
 Metaspace       used 138504K, committed 140864K, reserved 1179648K
  class space    used 19256K, committed 20416K, reserved 1048576K
}
Event: 676.316 GC heap before
{Heap before GC invocations=48 (full 0):
 garbage-first heap   total 438272K, used 405289K [0x0000000600000000, 0x0000000800000000)
  region size 4096K, 59 young (241664K), 5 survivors (20480K)
 Metaspace       used 155026K, committed 157440K, reserved 1245184K
  class space    used 21215K, committed 22400K, reserved 1048576K
}
Event: 676.604 GC heap after
{Heap after GC invocations=49 (full 0):
 garbage-first heap   total 454656K, used 201555K [0x0000000600000000, 0x0000000800000000)
  region size 4096K, 8 young (32768K), 8 survivors (32768K)
 Metaspace       used 155026K, committed 157440K, reserved 1245184K
  class space    used 21215K, committed 22400K, reserved 1048576K
}
Event: 687.293 GC heap before
{Heap before GC invocations=49 (full 0):
 garbage-first heap   total 454656K, used 389971K [0x0000000600000000, 0x0000000800000000)
  region size 4096K, 55 young (225280K), 8 survivors (32768K)
 Metaspace       used 163725K, committed 166208K, reserved 1245184K
  class space    used 22676K, committed 23936K, reserved 1048576K
}
Event: 687.651 GC heap after
{Heap after GC invocations=50 (full 0):
 garbage-first heap   total 466944K, used 225463K [0x0000000600000000, 0x0000000800000000)
  region size 4096K, 7 young (28672K), 7 survivors (28672K)
 Metaspace       used 163725K, committed 166208K, reserved 1245184K
  class space    used 22676K, committed 23936K, reserved 1048576K
}
Event: 687.694 GC heap before
{Heap before GC invocations=50 (full 0):
 garbage-first heap   total 466944K, used 229559K [0x0000000600000000, 0x0000000800000000)
  region size 4096K, 8 young (32768K), 7 survivors (28672K)
 Metaspace       used 163727K, committed 166208K, reserved 1245184K
  class space    used 22676K, committed 23936K, reserved 1048576K
}
Event: 687.741 GC heap after
{Heap after GC invocations=51 (full 0):
 garbage-first heap   total 466944K, used 232579K [0x0000000600000000, 0x0000000800000000)
  region size 4096K, 1 young (4096K), 1 survivors (4096K)
 Metaspace       used 163727K, committed 166208K, reserved 1245184K
  class space    used 22676K, committed 23936K, reserved 1048576K
}
Event: 689.376 GC heap before
{Heap before GC invocations=52 (full 0):
 garbage-first heap   total 466944K, used 322691K [0x0000000600000000, 0x0000000800000000)
  region size 4096K, 24 young (98304K), 1 survivors (4096K)
 Metaspace       used 165841K, committed 168320K, reserved 1245184K
  class space    used 22981K, committed 24192K, reserved 1048576K
}
Event: 689.395 GC heap after
{Heap after GC invocations=53 (full 0):
 garbage-first heap   total 466944K, used 250624K [0x0000000600000000, 0x0000000800000000)
  region size 4096K, 3 young (12288K), 3 survivors (12288K)
 Metaspace       used 165841K, committed 168320K, reserved 1245184K
  class space    used 22981K, committed 24192K, reserved 1048576K
}
Event: 689.791 GC heap before
{Heap before GC invocations=53 (full 0):
 garbage-first heap   total 466944K, used 303872K [0x0000000600000000, 0x0000000800000000)
  region size 4096K, 15 young (61440K), 3 survivors (12288K)
 Metaspace       used 168961K, committed 171392K, reserved 1245184K
  class space    used 23416K, committed 24640K, reserved 1048576K
}
Event: 689.803 GC heap after
{Heap after GC invocations=54 (full 0):
 garbage-first heap   total 466944K, used 255094K [0x0000000600000000, 0x0000000800000000)
  region size 4096K, 1 young (4096K), 1 survivors (4096K)
 Metaspace       used 168961K, committed 171392K, reserved 1245184K
  class space    used 23416K, committed 24640K, reserved 1048576K
}
Event: 693.342 GC heap before
{Heap before GC invocations=54 (full 0):
 garbage-first heap   total 466944K, used 406646K [0x0000000600000000, 0x0000000800000000)
  region size 4096K, 36 young (147456K), 1 survivors (4096K)
 Metaspace       used 179398K, committed 182016K, reserved 1245184K
  class space    used 25081K, committed 26368K, reserved 1048576K
}
Event: 693.430 GC heap after
{Heap after GC invocations=55 (full 0):
 garbage-first heap   total 561152K, used 247489K [0x0000000600000000, 0x0000000800000000)
  region size 4096K, 3 young (12288K), 3 survivors (12288K)
 Metaspace       used 179398K, committed 182016K, reserved 1245184K
  class space    used 25081K, committed 26368K, reserved 1048576K
}

