# JRE version: OpenJDK Runtime Environment (21.0.9) (build 21.0.9+-14649483-b1163.86)
# Java VM: OpenJDK 64-Bit Server VM (21.0.9+-14649483-b1163.86, mixed mode, tiered, compressed oops, compressed class ptrs, g1 gc, windows-amd64)
GC Precious Log:
 CardTable entry size: 512
 Card Set container configuration: InlinePtr #cards 4 size 8 Array Of Cards #cards 32 size 80 Howl #buckets 8 coarsen threshold 7372 Howl Bitmap #cards 1024 size 144 coarsen threshold 921 Card regions per heap region 1 cards per card region 8192
 CPUs: 16 total, 16 available
 Memory: 7859M
 Large Page Support: Disabled
 NUMA Support: Disabled
 Compressed Oops: Enabled (Zero based)
 Heap Region Size: 4M
 Heap Min Capacity: 8M
 Heap Initial Capacity: 124M
 Heap Max Capacity: 8G
 Pre-touch: Disabled
 Parallel Workers: 13
 Concurrent Workers: 3
 Concurrent Refinement Workers: 13
 Periodic GC: Disabled
Heap:
 garbage-first heap   total 303104K, used 259072K [0x0000000600000000, 0x0000000800000000)
  region size 4096K, 2 young (8192K), 2 survivors (8192K)
 Metaspace       used 155278K, committed 157632K, reserved 1245184K
  class space    used 22650K, committed 23808K, reserved 1048576K
GC Heap History (20 events):
Event: 16.337 GC heap after
{Heap after GC invocations=37 (full 0):
 garbage-first heap   total 212992K, used 106858K [0x0000000600000000, 0x0000000800000000)
  region size 4096K, 3 young (12288K), 3 survivors (12288K)
 Metaspace       used 105827K, committed 107904K, reserved 1179648K
  class space    used 14942K, committed 15936K, reserved 1048576K
}
Event: 17.078 GC heap before
{Heap before GC invocations=37 (full 0):
 garbage-first heap   total 212992K, used 184682K [0x0000000600000000, 0x0000000800000000)
  region size 4096K, 22 young (90112K), 3 survivors (12288K)
 Metaspace       used 112006K, committed 114112K, reserved 1179648K
  class space    used 15994K, committed 17024K, reserved 1048576K
}
Event: 17.088 GC heap after
{Heap after GC invocations=38 (full 0):
 garbage-first heap   total 212992K, used 109971K [0x0000000600000000, 0x0000000800000000)
  region size 4096K, 3 young (12288K), 3 survivors (12288K)
 Metaspace       used 112006K, committed 114112K, reserved 1179648K
  class space    used 15994K, committed 17024K, reserved 1048576K
}
Event: 17.861 GC heap before
{Heap before GC invocations=39 (full 0):
 garbage-first heap   total 212992K, used 187795K [0x0000000600000000, 0x0000000800000000)
  region size 4096K, 22 young (90112K), 3 survivors (12288K)
 Metaspace       used 116798K, committed 118976K, reserved 1179648K
  class space    used 16687K, committed 17728K, reserved 1048576K
}
Event: 17.869 GC heap after
{Heap after GC invocations=40 (full 0):
 garbage-first heap   total 212992K, used 113031K [0x0000000600000000, 0x0000000800000000)
  region size 4096K, 2 young (8192K), 2 survivors (8192K)
 Metaspace       used 116798K, committed 118976K, reserved 1179648K
  class space    used 16687K, committed 17728K, reserved 1048576K
}
Event: 18.611 GC heap before
{Heap before GC invocations=40 (full 0):
 garbage-first heap   total 212992K, used 190855K [0x0000000600000000, 0x0000000800000000)
  region size 4096K, 21 young (86016K), 2 survivors (8192K)
 Metaspace       used 123213K, committed 125376K, reserved 1179648K
  class space    used 17582K, committed 18624K, reserved 1048576K
}
Event: 18.618 GC heap after
{Heap after GC invocations=41 (full 0):
 garbage-first heap   total 258048K, used 117780K [0x0000000600000000, 0x0000000800000000)
  region size 4096K, 3 young (12288K), 3 survivors (12288K)
 Metaspace       used 123213K, committed 125376K, reserved 1179648K
  class space    used 17582K, committed 18624K, reserved 1048576K
}
Event: 24.745 GC heap before
{Heap before GC invocations=41 (full 0):
 garbage-first heap   total 258048K, used 232468K [0x0000000600000000, 0x0000000800000000)
  region size 4096K, 32 young (131072K), 3 survivors (12288K)
 Metaspace       used 128172K, committed 130368K, reserved 1179648K
  class space    used 18122K, committed 19200K, reserved 1048576K
}
Event: 24.754 GC heap after
{Heap after GC invocations=42 (full 0):
 garbage-first heap   total 258048K, used 125026K [0x0000000600000000, 0x0000000800000000)
  region size 4096K, 4 young (16384K), 4 survivors (16384K)
 Metaspace       used 128172K, committed 130368K, reserved 1179648K
  class space    used 18122K, committed 19200K, reserved 1048576K
}
Event: 25.778 GC heap before
{Heap before GC invocations=42 (full 0):
 garbage-first heap   total 258048K, used 227426K [0x0000000600000000, 0x0000000800000000)
  region size 4096K, 30 young (122880K), 4 survivors (16384K)
 Metaspace       used 139307K, committed 141568K, reserved 1179648K
  class space    used 19953K, committed 21056K, reserved 1048576K
}
Event: 25.789 GC heap after
{Heap after GC invocations=43 (full 0):
 garbage-first heap   total 258048K, used 130445K [0x0000000600000000, 0x0000000800000000)
  region size 4096K, 4 young (16384K), 4 survivors (16384K)
 Metaspace       used 139307K, committed 141568K, reserved 1179648K
  class space    used 19953K, committed 21056K, reserved 1048576K
}
Event: 26.370 GC heap before
{Heap before GC invocations=43 (full 0):
 garbage-first heap   total 258048K, used 228749K [0x0000000600000000, 0x0000000800000000)
  region size 4096K, 29 young (118784K), 4 survivors (16384K)
 Metaspace       used 147789K, committed 150080K, reserved 1179648K
  class space    used 21506K, committed 22592K, reserved 1048576K
}
Event: 26.378 GC heap after
{Heap after GC invocations=44 (full 0):
 garbage-first heap   total 258048K, used 131872K [0x0000000600000000, 0x0000000800000000)
  region size 4096K, 2 young (8192K), 2 survivors (8192K)
 Metaspace       used 147789K, committed 150080K, reserved 1179648K
  class space    used 21506K, committed 22592K, reserved 1048576K
}
Event: 26.982 GC heap before
{Heap before GC invocations=45 (full 0):
 garbage-first heap   total 258048K, used 234272K [0x0000000600000000, 0x0000000800000000)
  region size 4096K, 28 young (114688K), 2 survivors (8192K)
 Metaspace       used 152555K, committed 154880K, reserved 1245184K
  class space    used 22298K, committed 23424K, reserved 1048576K
}
Event: 26.991 GC heap after
{Heap after GC invocations=46 (full 0):
 garbage-first heap   total 258048K, used 137654K [0x0000000600000000, 0x0000000800000000)
  region size 4096K, 4 young (16384K), 4 survivors (16384K)
 Metaspace       used 152555K, committed 154880K, reserved 1245184K
  class space    used 22298K, committed 23424K, reserved 1048576K
}
Event: 28.702 GC heap before
{Heap before GC invocations=46 (full 0):
 garbage-first heap   total 258048K, used 248246K [0x0000000600000000, 0x0000000800000000)
  region size 4096K, 15 young (61440K), 4 survivors (16384K)
 Metaspace       used 155262K, committed 157568K, reserved 1245184K
  class space    used 22649K, committed 23808K, reserved 1048576K
}
Event: 28.724 GC heap after
{Heap after GC invocations=47 (full 0):
 garbage-first heap   total 274432K, used 199625K [0x0000000600000000, 0x0000000800000000)
  region size 4096K, 2 young (8192K), 2 survivors (8192K)
 Metaspace       used 155262K, committed 157568K, reserved 1245184K
  class space    used 22649K, committed 23808K, reserved 1048576K
}
Event: 28.750 GC heap before
{Heap before GC invocations=47 (full 0):
 garbage-first heap   total 274432K, used 252873K [0x0000000600000000, 0x0000000800000000)
  region size 4096K, 16 young (65536K), 2 survivors (8192K)
 Metaspace       used 155278K, committed 157632K, reserved 1245184K
  class space    used 22650K, committed 23808K, reserved 1048576K
}
Event: 28.762 GC heap after
{Heap after GC invocations=48 (full 0):
 garbage-first heap   total 303104K, used 234496K [0x0000000600000000, 0x0000000800000000)
  region size 4096K, 2 young (8192K), 2 survivors (8192K)
 Metaspace       used 155278K, committed 157632K, reserved 1245184K
  class space    used 22650K, committed 23808K, reserved 1048576K
}
Event: 28.782 GC heap before
{Heap before GC invocations=48 (full 0):
 garbage-first heap   total 303104K, used 263168K [0x0000000600000000, 0x0000000800000000)
  region size 4096K, 10 young (40960K), 2 survivors (8192K)
 Metaspace       used 155278K, committed 157632K, reserved 1245184K
  class space    used 22650K, committed 23808K, reserved 1048576K
}

